  Animation.cpp
  Animator.cpp
  BaseWindow.cpp
  Bullet.cpp
  CinemaMgr.cpp
  Collider.cpp
  CollisionMgr.cpp
  Core.cpp
  EventMgr.cpp
  Game_Scene.cpp
  KeyMgr.cpp
  main.cpp
  Monster.cpp
  Object.cpp
  PathMgr.cpp
  Player.cpp
  Res.cpp
  ResMgr.cpp
C:\Program Files\Microsoft Visual Studio\2022\Community\VC\Tools\MSVC\14.36.32532\include\xstring(2765,53): warning C4244: '인수': 'wchar_t'에서 'const _Elem'(으)로 변환하면서 데이터가 손실될 수 있습니다.
          with
          [
              _Elem=char
          ]
C:\Program Files\Microsoft Visual Studio\2022\Community\VC\Tools\MSVC\14.36.32532\include\xstring(2621,17): message : 컴파일되는 함수 템플릿 인스턴스화 'void std::basic_string<char,std::char_traits<char>,std::allocator<char>>::_Construct_from_iter<wchar_t*,wchar_t*,_Size_type>(_Iter,const _Sent,_Size)'에 대한 참조를 확인하세요.
          with
          [
              _Size_type=unsigned __int64,
              _Iter=wchar_t *,
              _Sent=wchar_t *,
              _Size=unsigned __int64
          ]
C:\Program Files\Microsoft Visual Studio\2022\Community\VC\Tools\MSVC\14.36.32532\include\xstring(3464,32): message : 컴파일되는 함수 템플릿 인스턴스화 'std::basic_string<char,std::char_traits<char>,std::allocator<char>>::basic_string<wchar_t*,0>(_Iter,_Iter,const _Alloc &)'에 대한 참조를 확인하세요.
          with
          [
              _Iter=wchar_t *,
              _Alloc=std::allocator<char>
          ]
D:\GitHub\DayInGGM\2023_winapi_framework\ResMgr.cpp(77,8): message : 컴파일되는 함수 템플릿 인스턴스화 'std::basic_string<char,std::char_traits<char>,std::allocator<char>> &std::basic_string<char,std::char_traits<char>,std::allocator<char>>::assign<std::_String_iterator<std::_String_val<std::_Simple_types<_Elem>>>,0>(const _Iter,const _Iter)'에 대한 참조를 확인하세요.
          with
          [
              _Elem=wchar_t,
              _Iter=std::_String_iterator<std::_String_val<std::_Simple_types<wchar_t>>>
          ]
D:\GitHub\DayInGGM\2023_winapi_framework\ResMgr.cpp(77,15): message : 'ResMgr::LoadSound'에서 'std::basic_string<char,std::char_traits<char>,std::allocator<char>>::assign'에 대한 첫 번째 참조를 확인하세요.
  Scene.cpp
  SceneMgr.cpp
  SelectGDI.cpp
  Start_Scene.cpp
  Texture.cpp
  TimeMgr.cpp
  Vec2.cpp
  2023_winapi_framework.vcxproj -> D:\GitHub\DayInGGM\Output\bin_debug\2023_winapi_framework.exe
